2020-03-31 15:052:22.186 [main] DEBUG com.yyc.o2o.O2oApplication-Running with Spring Boot v2.1.6.RELEASE, Spring v5.1.8.RELEASE
2020-03-27 00:000:40.244 [main] DEBUG com.yyc.o2o.O2oApplication-Running with Spring Boot v2.1.6.RELEASE, Spring v5.1.8.RELEASE
2020-03-27 00:001:44.705 [main] DEBUG com.yyc.o2o.O2oApplication-Running with Spring Boot v2.1.6.RELEASE, Spring v5.1.8.RELEASE
2020-03-27 00:010:33.271 [main] DEBUG com.yyc.o2o.O2oApplication-Running with Spring Boot v2.1.6.RELEASE, Spring v5.1.8.RELEASE
2020-03-27 00:011:02.624 [main] DEBUG com.yyc.o2o.O2oApplication-Running with Spring Boot v2.1.6.RELEASE, Spring v5.1.8.RELEASE
2020-03-27 00:011:06.172 [schedulerFactory_Worker-1] DEBUG c.y.o.d.ProductSellDailyDao.insertProductSellDaily-==>  Preparing: INSERT INTO tb_product_sell_daily(product_id,shop_id,create_time,total) ( SELECT product_id,shop_id,date_format(create_time,'%Y-%m-%d'),count(product_id) AS total FROM tb_user_product_map WHERE date_format(create_time,'%Y-%m-%d') = date_sub(curdate(),interval 1 day) GROUP BY product_id) 
2020-03-27 00:011:06.184 [schedulerFactory_Worker-1] DEBUG c.y.o.d.ProductSellDailyDao.insertProductSellDaily-==> Parameters: 
2020-03-27 00:011:06.246 [schedulerFactory_Worker-1] DEBUG c.y.o.d.ProductSellDailyDao.insertProductSellDaily-<==    Updates: 1
2020-03-27 00:011:06.247 [schedulerFactory_Worker-1] DEBUG c.y.o.d.ProductSellDailyDao.insertProductSellDaily-==>  Preparing: INSERT INTO tb_product_sell_daily(product_id,shop_id,create_time,total) ( SELECT product_id,shop_id,date_format(create_time,'%Y-%m-%d'),count(product_id) AS total FROM tb_user_product_map WHERE date_format(create_time,'%Y-%m-%d') = date_sub(curdate(),interval 1 day) GROUP BY product_id) 
2020-03-27 00:011:06.248 [schedulerFactory_Worker-1] DEBUG c.y.o.d.ProductSellDailyDao.insertProductSellDaily-==> Parameters: 
2020-03-27 00:012:11.787 [main] DEBUG com.yyc.o2o.O2oApplication-Running with Spring Boot v2.1.6.RELEASE, Spring v5.1.8.RELEASE
2020-03-27 00:014:23.180 [main] DEBUG com.yyc.o2o.O2oApplication-Running with Spring Boot v2.1.6.RELEASE, Spring v5.1.8.RELEASE
2020-03-27 00:015:08.578 [main] DEBUG com.yyc.o2o.O2oApplication-Running with Spring Boot v2.1.6.RELEASE, Spring v5.1.8.RELEASE
2020-03-27 00:015:12.017 [schedulerFactory_Worker-1] DEBUG c.y.o.d.ProductSellDailyDao.insertProductSellDaily-==>  Preparing: INSERT INTO tb_product_sell_daily(product_id,shop_id,create_time,total) ( SELECT product_id,shop_id,date_format(create_time,'%Y-%m-%d'),count(product_id) AS total FROM tb_user_product_map WHERE date_format(create_time,'%Y-%m-%d') = date_sub(curdate(),interval 1 day) GROUP BY product_id) 
2020-03-27 00:015:12.026 [schedulerFactory_Worker-1] DEBUG c.y.o.d.ProductSellDailyDao.insertProductSellDaily-==> Parameters: 
2020-03-27 00:015:15.001 [schedulerFactory_Worker-2] DEBUG c.y.o.d.ProductSellDailyDao.insertProductSellDaily-==>  Preparing: INSERT INTO tb_product_sell_daily(product_id,shop_id,create_time,total) ( SELECT product_id,shop_id,date_format(create_time,'%Y-%m-%d'),count(product_id) AS total FROM tb_user_product_map WHERE date_format(create_time,'%Y-%m-%d') = date_sub(curdate(),interval 1 day) GROUP BY product_id) 
2020-03-27 00:015:15.002 [schedulerFactory_Worker-2] DEBUG c.y.o.d.ProductSellDailyDao.insertProductSellDaily-==> Parameters: 
2020-03-27 00:015:18.000 [schedulerFactory_Worker-3] DEBUG c.y.o.d.ProductSellDailyDao.insertProductSellDaily-==>  Preparing: INSERT INTO tb_product_sell_daily(product_id,shop_id,create_time,total) ( SELECT product_id,shop_id,date_format(create_time,'%Y-%m-%d'),count(product_id) AS total FROM tb_user_product_map WHERE date_format(create_time,'%Y-%m-%d') = date_sub(curdate(),interval 1 day) GROUP BY product_id) 
2020-03-27 00:015:18.001 [schedulerFactory_Worker-3] DEBUG c.y.o.d.ProductSellDailyDao.insertProductSellDaily-==> Parameters: 
2020-03-27 00:015:21.003 [schedulerFactory_Worker-4] DEBUG c.y.o.d.ProductSellDailyDao.insertProductSellDaily-==>  Preparing: INSERT INTO tb_product_sell_daily(product_id,shop_id,create_time,total) ( SELECT product_id,shop_id,date_format(create_time,'%Y-%m-%d'),count(product_id) AS total FROM tb_user_product_map WHERE date_format(create_time,'%Y-%m-%d') = date_sub(curdate(),interval 1 day) GROUP BY product_id) 
2020-03-27 00:015:21.005 [schedulerFactory_Worker-4] DEBUG c.y.o.d.ProductSellDailyDao.insertProductSellDaily-==> Parameters: 
2020-03-27 00:015:24.000 [schedulerFactory_Worker-5] DEBUG c.y.o.d.ProductSellDailyDao.insertProductSellDaily-==>  Preparing: INSERT INTO tb_product_sell_daily(product_id,shop_id,create_time,total) ( SELECT product_id,shop_id,date_format(create_time,'%Y-%m-%d'),count(product_id) AS total FROM tb_user_product_map WHERE date_format(create_time,'%Y-%m-%d') = date_sub(curdate(),interval 1 day) GROUP BY product_id) 
2020-03-27 00:015:24.001 [schedulerFactory_Worker-5] DEBUG c.y.o.d.ProductSellDailyDao.insertProductSellDaily-==> Parameters: 
2020-03-27 00:015:27.002 [schedulerFactory_Worker-6] DEBUG c.y.o.d.ProductSellDailyDao.insertProductSellDaily-==>  Preparing: INSERT INTO tb_product_sell_daily(product_id,shop_id,create_time,total) ( SELECT product_id,shop_id,date_format(create_time,'%Y-%m-%d'),count(product_id) AS total FROM tb_user_product_map WHERE date_format(create_time,'%Y-%m-%d') = date_sub(curdate(),interval 1 day) GROUP BY product_id) 
2020-03-27 00:015:27.004 [schedulerFactory_Worker-6] DEBUG c.y.o.d.ProductSellDailyDao.insertProductSellDaily-==> Parameters: 
2020-03-27 00:015:30.001 [schedulerFactory_Worker-7] DEBUG c.y.o.d.ProductSellDailyDao.insertProductSellDaily-==>  Preparing: INSERT INTO tb_product_sell_daily(product_id,shop_id,create_time,total) ( SELECT product_id,shop_id,date_format(create_time,'%Y-%m-%d'),count(product_id) AS total FROM tb_user_product_map WHERE date_format(create_time,'%Y-%m-%d') = date_sub(curdate(),interval 1 day) GROUP BY product_id) 
2020-03-27 00:015:30.001 [schedulerFactory_Worker-7] DEBUG c.y.o.d.ProductSellDailyDao.insertProductSellDaily-==> Parameters: 
2020-03-27 00:015:30.055 [schedulerFactory_Worker-7] DEBUG c.y.o.d.ProductSellDailyDao.insertProductSellDaily-<==    Updates: 1
2020-03-27 00:015:30.056 [schedulerFactory_Worker-7] DEBUG c.y.o.d.ProductSellDailyDao.insertProductSellDaily-==>  Preparing: INSERT INTO tb_product_sell_daily(product_id,shop_id,create_time,total) ( SELECT product_id,shop_id,date_format(create_time,'%Y-%m-%d'),count(product_id) AS total FROM tb_user_product_map WHERE date_format(create_time,'%Y-%m-%d') = date_sub(curdate(),interval 1 day) GROUP BY product_id) 
2020-03-27 00:015:30.056 [schedulerFactory_Worker-7] DEBUG c.y.o.d.ProductSellDailyDao.insertProductSellDaily-==> Parameters: 
2020-03-27 00:015:33.001 [schedulerFactory_Worker-8] DEBUG c.y.o.d.ProductSellDailyDao.insertProductSellDaily-==>  Preparing: INSERT INTO tb_product_sell_daily(product_id,shop_id,create_time,total) ( SELECT product_id,shop_id,date_format(create_time,'%Y-%m-%d'),count(product_id) AS total FROM tb_user_product_map WHERE date_format(create_time,'%Y-%m-%d') = date_sub(curdate(),interval 1 day) GROUP BY product_id) 
2020-03-27 00:015:33.001 [schedulerFactory_Worker-8] DEBUG c.y.o.d.ProductSellDailyDao.insertProductSellDaily-==> Parameters: 
2020-03-27 00:015:36.004 [schedulerFactory_Worker-9] DEBUG c.y.o.d.ProductSellDailyDao.insertProductSellDaily-==>  Preparing: INSERT INTO tb_product_sell_daily(product_id,shop_id,create_time,total) ( SELECT product_id,shop_id,date_format(create_time,'%Y-%m-%d'),count(product_id) AS total FROM tb_user_product_map WHERE date_format(create_time,'%Y-%m-%d') = date_sub(curdate(),interval 1 day) GROUP BY product_id) 
2020-03-27 00:015:36.004 [schedulerFactory_Worker-9] DEBUG c.y.o.d.ProductSellDailyDao.insertProductSellDaily-==> Parameters: 
2020-03-27 00:015:39.001 [schedulerFactory_Worker-10] DEBUG c.y.o.d.ProductSellDailyDao.insertProductSellDaily-==>  Preparing: INSERT INTO tb_product_sell_daily(product_id,shop_id,create_time,total) ( SELECT product_id,shop_id,date_format(create_time,'%Y-%m-%d'),count(product_id) AS total FROM tb_user_product_map WHERE date_format(create_time,'%Y-%m-%d') = date_sub(curdate(),interval 1 day) GROUP BY product_id) 
2020-03-27 00:015:39.001 [schedulerFactory_Worker-10] DEBUG c.y.o.d.ProductSellDailyDao.insertProductSellDaily-==> Parameters: 
2020-03-27 00:015:42.002 [schedulerFactory_Worker-1] DEBUG c.y.o.d.ProductSellDailyDao.insertProductSellDaily-==>  Preparing: INSERT INTO tb_product_sell_daily(product_id,shop_id,create_time,total) ( SELECT product_id,shop_id,date_format(create_time,'%Y-%m-%d'),count(product_id) AS total FROM tb_user_product_map WHERE date_format(create_time,'%Y-%m-%d') = date_sub(curdate(),interval 1 day) GROUP BY product_id) 
2020-03-27 00:015:42.003 [schedulerFactory_Worker-1] DEBUG c.y.o.d.ProductSellDailyDao.insertProductSellDaily-==> Parameters: 
2020-03-27 00:015:45.001 [schedulerFactory_Worker-2] DEBUG c.y.o.d.ProductSellDailyDao.insertProductSellDaily-==>  Preparing: INSERT INTO tb_product_sell_daily(product_id,shop_id,create_time,total) ( SELECT product_id,shop_id,date_format(create_time,'%Y-%m-%d'),count(product_id) AS total FROM tb_user_product_map WHERE date_format(create_time,'%Y-%m-%d') = date_sub(curdate(),interval 1 day) GROUP BY product_id) 
2020-03-27 00:015:45.002 [schedulerFactory_Worker-2] DEBUG c.y.o.d.ProductSellDailyDao.insertProductSellDaily-==> Parameters: 
2020-03-27 00:015:48.001 [schedulerFactory_Worker-3] DEBUG c.y.o.d.ProductSellDailyDao.insertProductSellDaily-==>  Preparing: INSERT INTO tb_product_sell_daily(product_id,shop_id,create_time,total) ( SELECT product_id,shop_id,date_format(create_time,'%Y-%m-%d'),count(product_id) AS total FROM tb_user_product_map WHERE date_format(create_time,'%Y-%m-%d') = date_sub(curdate(),interval 1 day) GROUP BY product_id) 
2020-03-27 00:015:48.002 [schedulerFactory_Worker-3] DEBUG c.y.o.d.ProductSellDailyDao.insertProductSellDaily-==> Parameters: 
2020-03-27 00:015:48.063 [schedulerFactory_Worker-3] DEBUG c.y.o.d.ProductSellDailyDao.insertProductSellDaily-<==    Updates: 1
2020-03-27 00:015:48.063 [schedulerFactory_Worker-3] DEBUG c.y.o.d.ProductSellDailyDao.insertProductSellDaily-==>  Preparing: INSERT INTO tb_product_sell_daily(product_id,shop_id,create_time,total) ( SELECT product_id,shop_id,date_format(create_time,'%Y-%m-%d'),count(product_id) AS total FROM tb_user_product_map WHERE date_format(create_time,'%Y-%m-%d') = date_sub(curdate(),interval 1 day) GROUP BY product_id) 
2020-03-27 00:015:48.064 [schedulerFactory_Worker-3] DEBUG c.y.o.d.ProductSellDailyDao.insertProductSellDaily-==> Parameters: 
2020-03-27 00:015:51.002 [schedulerFactory_Worker-4] DEBUG c.y.o.d.ProductSellDailyDao.insertProductSellDaily-==>  Preparing: INSERT INTO tb_product_sell_daily(product_id,shop_id,create_time,total) ( SELECT product_id,shop_id,date_format(create_time,'%Y-%m-%d'),count(product_id) AS total FROM tb_user_product_map WHERE date_format(create_time,'%Y-%m-%d') = date_sub(curdate(),interval 1 day) GROUP BY product_id) 
2020-03-27 00:015:51.003 [schedulerFactory_Worker-4] DEBUG c.y.o.d.ProductSellDailyDao.insertProductSellDaily-==> Parameters: 
2020-03-27 00:015:51.052 [schedulerFactory_Worker-4] DEBUG c.y.o.d.ProductSellDailyDao.insertProductSellDaily-<==    Updates: 1
2020-03-27 00:015:51.052 [schedulerFactory_Worker-4] DEBUG c.y.o.d.ProductSellDailyDao.insertProductSellDaily-==>  Preparing: INSERT INTO tb_product_sell_daily(product_id,shop_id,create_time,total) ( SELECT product_id,shop_id,date_format(create_time,'%Y-%m-%d'),count(product_id) AS total FROM tb_user_product_map WHERE date_format(create_time,'%Y-%m-%d') = date_sub(curdate(),interval 1 day) GROUP BY product_id) 
2020-03-27 00:015:51.053 [schedulerFactory_Worker-4] DEBUG c.y.o.d.ProductSellDailyDao.insertProductSellDaily-==> Parameters: 
2020-03-27 00:015:54.000 [schedulerFactory_Worker-5] DEBUG c.y.o.d.ProductSellDailyDao.insertProductSellDaily-==>  Preparing: INSERT INTO tb_product_sell_daily(product_id,shop_id,create_time,total) ( SELECT product_id,shop_id,date_format(create_time,'%Y-%m-%d'),count(product_id) AS total FROM tb_user_product_map WHERE date_format(create_time,'%Y-%m-%d') = date_sub(curdate(),interval 1 day) GROUP BY product_id) 
2020-03-27 00:015:54.000 [schedulerFactory_Worker-5] DEBUG c.y.o.d.ProductSellDailyDao.insertProductSellDaily-==> Parameters: 
2020-03-27 00:016:15.965 [main] DEBUG com.yyc.o2o.O2oApplication-Running with Spring Boot v2.1.6.RELEASE, Spring v5.1.8.RELEASE
2020-03-27 00:016:19.589 [schedulerFactory_Worker-1] DEBUG c.y.o.d.ProductSellDailyDao.insertProductSellDaily-==>  Preparing: INSERT INTO tb_product_sell_daily(product_id,shop_id,create_time,total) ( SELECT product_id,shop_id,date_format(create_time,'%Y-%m-%d'),count(product_id) AS total FROM tb_user_product_map WHERE date_format(create_time,'%Y-%m-%d') = date_sub(curdate(),interval 1 day) GROUP BY product_id) 
2020-03-27 00:016:19.601 [schedulerFactory_Worker-1] DEBUG c.y.o.d.ProductSellDailyDao.insertProductSellDaily-==> Parameters: 
2020-03-27 00:016:19.657 [schedulerFactory_Worker-1] DEBUG c.y.o.d.ProductSellDailyDao.insertProductSellDaily-<==    Updates: 1
2020-03-27 00:016:19.658 [schedulerFactory_Worker-1] DEBUG c.y.o.d.ProductSellDailyDao.insertProductSellDaily-==>  Preparing: INSERT INTO tb_product_sell_daily(product_id,shop_id,create_time,total) ( SELECT product_id,shop_id,date_format(create_time,'%Y-%m-%d'),count(product_id) AS total FROM tb_user_product_map WHERE date_format(create_time,'%Y-%m-%d') = date_sub(curdate(),interval 1 day) GROUP BY product_id) 
2020-03-27 00:016:19.658 [schedulerFactory_Worker-1] DEBUG c.y.o.d.ProductSellDailyDao.insertProductSellDaily-==> Parameters: 
2020-03-27 00:016:21.005 [schedulerFactory_Worker-2] DEBUG c.y.o.d.ProductSellDailyDao.insertProductSellDaily-==>  Preparing: INSERT INTO tb_product_sell_daily(product_id,shop_id,create_time,total) ( SELECT product_id,shop_id,date_format(create_time,'%Y-%m-%d'),count(product_id) AS total FROM tb_user_product_map WHERE date_format(create_time,'%Y-%m-%d') = date_sub(curdate(),interval 1 day) GROUP BY product_id) 
2020-03-27 00:016:21.006 [schedulerFactory_Worker-2] DEBUG c.y.o.d.ProductSellDailyDao.insertProductSellDaily-==> Parameters: 
2020-03-27 00:016:24.002 [schedulerFactory_Worker-3] DEBUG c.y.o.d.ProductSellDailyDao.insertProductSellDaily-==>  Preparing: INSERT INTO tb_product_sell_daily(product_id,shop_id,create_time,total) ( SELECT product_id,shop_id,date_format(create_time,'%Y-%m-%d'),count(product_id) AS total FROM tb_user_product_map WHERE date_format(create_time,'%Y-%m-%d') = date_sub(curdate(),interval 1 day) GROUP BY product_id) 
2020-03-27 00:016:24.003 [schedulerFactory_Worker-3] DEBUG c.y.o.d.ProductSellDailyDao.insertProductSellDaily-==> Parameters: 
2020-03-27 00:016:27.002 [schedulerFactory_Worker-4] DEBUG c.y.o.d.ProductSellDailyDao.insertProductSellDaily-==>  Preparing: INSERT INTO tb_product_sell_daily(product_id,shop_id,create_time,total) ( SELECT product_id,shop_id,date_format(create_time,'%Y-%m-%d'),count(product_id) AS total FROM tb_user_product_map WHERE date_format(create_time,'%Y-%m-%d') = date_sub(curdate(),interval 1 day) GROUP BY product_id) 
2020-03-27 00:016:27.002 [schedulerFactory_Worker-4] DEBUG c.y.o.d.ProductSellDailyDao.insertProductSellDaily-==> Parameters: 
2020-03-27 00:017:23.424 [main] DEBUG com.yyc.o2o.O2oApplication-Running with Spring Boot v2.1.6.RELEASE, Spring v5.1.8.RELEASE
2020-03-27 00:017:27.020 [schedulerFactory_Worker-1] DEBUG c.y.o.d.ProductSellDailyDao.insertProductSellDaily-==>  Preparing: INSERT INTO tb_product_sell_daily(product_id,shop_id,create_time,total) ( SELECT product_id,shop_id,date_format(create_time,'%Y-%m-%d'),count(product_id) AS total FROM tb_user_product_map WHERE date_format(create_time,'%Y-%m-%d') = date_sub(curdate(),interval 1 day) GROUP BY product_id) 
2020-03-27 00:017:27.031 [schedulerFactory_Worker-1] DEBUG c.y.o.d.ProductSellDailyDao.insertProductSellDaily-==> Parameters: 
2020-03-27 00:017:30.002 [schedulerFactory_Worker-2] DEBUG c.y.o.d.ProductSellDailyDao.insertProductSellDaily-==>  Preparing: INSERT INTO tb_product_sell_daily(product_id,shop_id,create_time,total) ( SELECT product_id,shop_id,date_format(create_time,'%Y-%m-%d'),count(product_id) AS total FROM tb_user_product_map WHERE date_format(create_time,'%Y-%m-%d') = date_sub(curdate(),interval 1 day) GROUP BY product_id) 
2020-03-27 00:017:30.003 [schedulerFactory_Worker-2] DEBUG c.y.o.d.ProductSellDailyDao.insertProductSellDaily-==> Parameters: 
2020-03-27 00:017:33.001 [schedulerFactory_Worker-3] DEBUG c.y.o.d.ProductSellDailyDao.insertProductSellDaily-==>  Preparing: INSERT INTO tb_product_sell_daily(product_id,shop_id,create_time,total) ( SELECT product_id,shop_id,date_format(create_time,'%Y-%m-%d'),count(product_id) AS total FROM tb_user_product_map WHERE date_format(create_time,'%Y-%m-%d') = date_sub(curdate(),interval 1 day) GROUP BY product_id) 
2020-03-27 00:017:33.001 [schedulerFactory_Worker-3] DEBUG c.y.o.d.ProductSellDailyDao.insertProductSellDaily-==> Parameters: 
2020-03-27 00:017:33.045 [schedulerFactory_Worker-3] DEBUG c.y.o.d.ProductSellDailyDao.insertProductSellDaily-<==    Updates: 1
2020-03-27 00:017:33.046 [schedulerFactory_Worker-3] DEBUG c.y.o.d.P.insertDefaultProductSellDaily-==>  Preparing: INSERT INTO tb_product_sell_daily(product_id,shop_id,create_time,total) ( SELECT p.product_id,p.shop_id,date_sub(curdate(),interval 1 day),0 AS total FROM tb_product p WHERE p.product_id not in (select product_id from tb_product_sell_daily where date_format(create_time,'%Y-%m-%d') = date_sub(curdate(),interval 1 day)) ) 
2020-03-27 00:017:33.046 [schedulerFactory_Worker-3] DEBUG c.y.o.d.P.insertDefaultProductSellDaily-==> Parameters: 
2020-03-27 00:017:33.090 [schedulerFactory_Worker-3] DEBUG c.y.o.d.P.insertDefaultProductSellDaily-<==    Updates: 6
2020-03-27 00:017:36.000 [schedulerFactory_Worker-4] DEBUG c.y.o.d.ProductSellDailyDao.insertProductSellDaily-==>  Preparing: INSERT INTO tb_product_sell_daily(product_id,shop_id,create_time,total) ( SELECT product_id,shop_id,date_format(create_time,'%Y-%m-%d'),count(product_id) AS total FROM tb_user_product_map WHERE date_format(create_time,'%Y-%m-%d') = date_sub(curdate(),interval 1 day) GROUP BY product_id) 
2020-03-27 00:017:36.001 [schedulerFactory_Worker-4] DEBUG c.y.o.d.ProductSellDailyDao.insertProductSellDaily-==> Parameters: 
2020-03-27 00:017:39.000 [schedulerFactory_Worker-5] DEBUG c.y.o.d.ProductSellDailyDao.insertProductSellDaily-==>  Preparing: INSERT INTO tb_product_sell_daily(product_id,shop_id,create_time,total) ( SELECT product_id,shop_id,date_format(create_time,'%Y-%m-%d'),count(product_id) AS total FROM tb_user_product_map WHERE date_format(create_time,'%Y-%m-%d') = date_sub(curdate(),interval 1 day) GROUP BY product_id) 
2020-03-27 00:017:39.001 [schedulerFactory_Worker-5] DEBUG c.y.o.d.ProductSellDailyDao.insertProductSellDaily-==> Parameters: 
2020-03-27 00:017:42.001 [schedulerFactory_Worker-6] DEBUG c.y.o.d.ProductSellDailyDao.insertProductSellDaily-==>  Preparing: INSERT INTO tb_product_sell_daily(product_id,shop_id,create_time,total) ( SELECT product_id,shop_id,date_format(create_time,'%Y-%m-%d'),count(product_id) AS total FROM tb_user_product_map WHERE date_format(create_time,'%Y-%m-%d') = date_sub(curdate(),interval 1 day) GROUP BY product_id) 
2020-03-27 00:017:42.001 [schedulerFactory_Worker-6] DEBUG c.y.o.d.ProductSellDailyDao.insertProductSellDaily-==> Parameters: 
2020-03-27 00:017:45.001 [schedulerFactory_Worker-7] DEBUG c.y.o.d.ProductSellDailyDao.insertProductSellDaily-==>  Preparing: INSERT INTO tb_product_sell_daily(product_id,shop_id,create_time,total) ( SELECT product_id,shop_id,date_format(create_time,'%Y-%m-%d'),count(product_id) AS total FROM tb_user_product_map WHERE date_format(create_time,'%Y-%m-%d') = date_sub(curdate(),interval 1 day) GROUP BY product_id) 
2020-03-27 00:017:45.001 [schedulerFactory_Worker-7] DEBUG c.y.o.d.ProductSellDailyDao.insertProductSellDaily-==> Parameters: 
2020-03-27 00:017:48.002 [schedulerFactory_Worker-8] DEBUG c.y.o.d.ProductSellDailyDao.insertProductSellDaily-==>  Preparing: INSERT INTO tb_product_sell_daily(product_id,shop_id,create_time,total) ( SELECT product_id,shop_id,date_format(create_time,'%Y-%m-%d'),count(product_id) AS total FROM tb_user_product_map WHERE date_format(create_time,'%Y-%m-%d') = date_sub(curdate(),interval 1 day) GROUP BY product_id) 
2020-03-27 00:017:48.002 [schedulerFactory_Worker-8] DEBUG c.y.o.d.ProductSellDailyDao.insertProductSellDaily-==> Parameters: 
2020-03-27 00:017:51.001 [schedulerFactory_Worker-9] DEBUG c.y.o.d.ProductSellDailyDao.insertProductSellDaily-==>  Preparing: INSERT INTO tb_product_sell_daily(product_id,shop_id,create_time,total) ( SELECT product_id,shop_id,date_format(create_time,'%Y-%m-%d'),count(product_id) AS total FROM tb_user_product_map WHERE date_format(create_time,'%Y-%m-%d') = date_sub(curdate(),interval 1 day) GROUP BY product_id) 
2020-03-27 00:017:51.002 [schedulerFactory_Worker-9] DEBUG c.y.o.d.ProductSellDailyDao.insertProductSellDaily-==> Parameters: 
2020-03-27 00:017:54.002 [schedulerFactory_Worker-10] DEBUG c.y.o.d.ProductSellDailyDao.insertProductSellDaily-==>  Preparing: INSERT INTO tb_product_sell_daily(product_id,shop_id,create_time,total) ( SELECT product_id,shop_id,date_format(create_time,'%Y-%m-%d'),count(product_id) AS total FROM tb_user_product_map WHERE date_format(create_time,'%Y-%m-%d') = date_sub(curdate(),interval 1 day) GROUP BY product_id) 
2020-03-27 00:017:54.002 [schedulerFactory_Worker-10] DEBUG c.y.o.d.ProductSellDailyDao.insertProductSellDaily-==> Parameters: 
2020-03-27 00:017:57.000 [schedulerFactory_Worker-1] DEBUG c.y.o.d.ProductSellDailyDao.insertProductSellDaily-==>  Preparing: INSERT INTO tb_product_sell_daily(product_id,shop_id,create_time,total) ( SELECT product_id,shop_id,date_format(create_time,'%Y-%m-%d'),count(product_id) AS total FROM tb_user_product_map WHERE date_format(create_time,'%Y-%m-%d') = date_sub(curdate(),interval 1 day) GROUP BY product_id) 
2020-03-27 00:017:57.001 [schedulerFactory_Worker-1] DEBUG c.y.o.d.ProductSellDailyDao.insertProductSellDaily-==> Parameters: 
2020-03-27 00:018:00.001 [schedulerFactory_Worker-2] DEBUG c.y.o.d.ProductSellDailyDao.insertProductSellDaily-==>  Preparing: INSERT INTO tb_product_sell_daily(product_id,shop_id,create_time,total) ( SELECT product_id,shop_id,date_format(create_time,'%Y-%m-%d'),count(product_id) AS total FROM tb_user_product_map WHERE date_format(create_time,'%Y-%m-%d') = date_sub(curdate(),interval 1 day) GROUP BY product_id) 
2020-03-27 00:018:00.002 [schedulerFactory_Worker-2] DEBUG c.y.o.d.ProductSellDailyDao.insertProductSellDaily-==> Parameters: 
2020-03-27 00:018:03.002 [schedulerFactory_Worker-3] DEBUG c.y.o.d.ProductSellDailyDao.insertProductSellDaily-==>  Preparing: INSERT INTO tb_product_sell_daily(product_id,shop_id,create_time,total) ( SELECT product_id,shop_id,date_format(create_time,'%Y-%m-%d'),count(product_id) AS total FROM tb_user_product_map WHERE date_format(create_time,'%Y-%m-%d') = date_sub(curdate(),interval 1 day) GROUP BY product_id) 
2020-03-27 00:018:03.002 [schedulerFactory_Worker-3] DEBUG c.y.o.d.ProductSellDailyDao.insertProductSellDaily-==> Parameters: 
2020-03-27 00:018:06.001 [schedulerFactory_Worker-4] DEBUG c.y.o.d.ProductSellDailyDao.insertProductSellDaily-==>  Preparing: INSERT INTO tb_product_sell_daily(product_id,shop_id,create_time,total) ( SELECT product_id,shop_id,date_format(create_time,'%Y-%m-%d'),count(product_id) AS total FROM tb_user_product_map WHERE date_format(create_time,'%Y-%m-%d') = date_sub(curdate(),interval 1 day) GROUP BY product_id) 
2020-03-27 00:018:06.002 [schedulerFactory_Worker-4] DEBUG c.y.o.d.ProductSellDailyDao.insertProductSellDaily-==> Parameters: 
2020-03-27 00:018:09.001 [schedulerFactory_Worker-5] DEBUG c.y.o.d.ProductSellDailyDao.insertProductSellDaily-==>  Preparing: INSERT INTO tb_product_sell_daily(product_id,shop_id,create_time,total) ( SELECT product_id,shop_id,date_format(create_time,'%Y-%m-%d'),count(product_id) AS total FROM tb_user_product_map WHERE date_format(create_time,'%Y-%m-%d') = date_sub(curdate(),interval 1 day) GROUP BY product_id) 
2020-03-27 00:018:09.001 [schedulerFactory_Worker-5] DEBUG c.y.o.d.ProductSellDailyDao.insertProductSellDaily-==> Parameters: 
2020-03-27 00:018:12.002 [schedulerFactory_Worker-6] DEBUG c.y.o.d.ProductSellDailyDao.insertProductSellDaily-==>  Preparing: INSERT INTO tb_product_sell_daily(product_id,shop_id,create_time,total) ( SELECT product_id,shop_id,date_format(create_time,'%Y-%m-%d'),count(product_id) AS total FROM tb_user_product_map WHERE date_format(create_time,'%Y-%m-%d') = date_sub(curdate(),interval 1 day) GROUP BY product_id) 
2020-03-27 00:018:12.002 [schedulerFactory_Worker-6] DEBUG c.y.o.d.ProductSellDailyDao.insertProductSellDaily-==> Parameters: 
2020-03-27 00:018:15.000 [schedulerFactory_Worker-7] DEBUG c.y.o.d.ProductSellDailyDao.insertProductSellDaily-==>  Preparing: INSERT INTO tb_product_sell_daily(product_id,shop_id,create_time,total) ( SELECT product_id,shop_id,date_format(create_time,'%Y-%m-%d'),count(product_id) AS total FROM tb_user_product_map WHERE date_format(create_time,'%Y-%m-%d') = date_sub(curdate(),interval 1 day) GROUP BY product_id) 
2020-03-27 00:018:15.001 [schedulerFactory_Worker-7] DEBUG c.y.o.d.ProductSellDailyDao.insertProductSellDaily-==> Parameters: 
2020-03-27 00:018:18.001 [schedulerFactory_Worker-8] DEBUG c.y.o.d.ProductSellDailyDao.insertProductSellDaily-==>  Preparing: INSERT INTO tb_product_sell_daily(product_id,shop_id,create_time,total) ( SELECT product_id,shop_id,date_format(create_time,'%Y-%m-%d'),count(product_id) AS total FROM tb_user_product_map WHERE date_format(create_time,'%Y-%m-%d') = date_sub(curdate(),interval 1 day) GROUP BY product_id) 
2020-03-27 00:018:18.002 [schedulerFactory_Worker-8] DEBUG c.y.o.d.ProductSellDailyDao.insertProductSellDaily-==> Parameters: 
2020-03-27 00:018:21.001 [schedulerFactory_Worker-9] DEBUG c.y.o.d.ProductSellDailyDao.insertProductSellDaily-==>  Preparing: INSERT INTO tb_product_sell_daily(product_id,shop_id,create_time,total) ( SELECT product_id,shop_id,date_format(create_time,'%Y-%m-%d'),count(product_id) AS total FROM tb_user_product_map WHERE date_format(create_time,'%Y-%m-%d') = date_sub(curdate(),interval 1 day) GROUP BY product_id) 
2020-03-27 00:018:21.001 [schedulerFactory_Worker-9] DEBUG c.y.o.d.ProductSellDailyDao.insertProductSellDaily-==> Parameters: 
2020-03-27 00:018:24.001 [schedulerFactory_Worker-10] DEBUG c.y.o.d.ProductSellDailyDao.insertProductSellDaily-==>  Preparing: INSERT INTO tb_product_sell_daily(product_id,shop_id,create_time,total) ( SELECT product_id,shop_id,date_format(create_time,'%Y-%m-%d'),count(product_id) AS total FROM tb_user_product_map WHERE date_format(create_time,'%Y-%m-%d') = date_sub(curdate(),interval 1 day) GROUP BY product_id) 
2020-03-27 00:018:24.001 [schedulerFactory_Worker-10] DEBUG c.y.o.d.ProductSellDailyDao.insertProductSellDaily-==> Parameters: 
2020-03-27 00:018:27.000 [schedulerFactory_Worker-1] DEBUG c.y.o.d.ProductSellDailyDao.insertProductSellDaily-==>  Preparing: INSERT INTO tb_product_sell_daily(product_id,shop_id,create_time,total) ( SELECT product_id,shop_id,date_format(create_time,'%Y-%m-%d'),count(product_id) AS total FROM tb_user_product_map WHERE date_format(create_time,'%Y-%m-%d') = date_sub(curdate(),interval 1 day) GROUP BY product_id) 
2020-03-27 00:018:27.000 [schedulerFactory_Worker-1] DEBUG c.y.o.d.ProductSellDailyDao.insertProductSellDaily-==> Parameters: 
2020-03-27 00:018:30.000 [schedulerFactory_Worker-2] DEBUG c.y.o.d.ProductSellDailyDao.insertProductSellDaily-==>  Preparing: INSERT INTO tb_product_sell_daily(product_id,shop_id,create_time,total) ( SELECT product_id,shop_id,date_format(create_time,'%Y-%m-%d'),count(product_id) AS total FROM tb_user_product_map WHERE date_format(create_time,'%Y-%m-%d') = date_sub(curdate(),interval 1 day) GROUP BY product_id) 
2020-03-27 00:018:30.000 [schedulerFactory_Worker-2] DEBUG c.y.o.d.ProductSellDailyDao.insertProductSellDaily-==> Parameters: 
2020-03-21 23:059:08.773 [main] DEBUG com.yyc.o2o.O2oApplication-Running with Spring Boot v2.1.6.RELEASE, Spring v5.1.8.RELEASE
2020-03-22 00:000:00.025 [schedulerFactory_Worker-1] DEBUG c.y.o.d.ProductSellDailyDao.insertProductSellDaily-==>  Preparing: INSERT INTO tb_product_sell_daily(product_id,shop_id,create_time,total) ( SELECT product_id,shop_id,date_format(create_time,'%Y-%m-%d'),count(product_id) AS total FROM tb_user_product_map WHERE date_format(create_time,'%Y-%m-%d') = date_sub(curdate(),interval 1 day) GROUP BY product_id) 
2020-03-22 00:000:00.035 [schedulerFactory_Worker-1] DEBUG c.y.o.d.ProductSellDailyDao.insertProductSellDaily-==> Parameters: 
2020-03-22 00:000:00.084 [schedulerFactory_Worker-1] DEBUG c.y.o.d.ProductSellDailyDao.insertProductSellDaily-<==    Updates: 1
2020-03-22 00:000:00.085 [schedulerFactory_Worker-1] DEBUG c.y.o.d.P.insertDefaultProductSellDaily-==>  Preparing: INSERT INTO tb_product_sell_daily(product_id,shop_id,create_time,total) ( SELECT p.product_id,p.shop_id,date_sub(curdate(),interval 1 day),0 AS total FROM tb_product p WHERE p.product_id not in (select product_id from tb_product_sell_daily where date_format(create_time,'%Y-%m-%d') = date_sub(curdate(),interval 1 day)) ) 
2020-03-22 00:000:00.085 [schedulerFactory_Worker-1] DEBUG c.y.o.d.P.insertDefaultProductSellDaily-==> Parameters: 
2020-03-22 00:000:00.133 [schedulerFactory_Worker-1] DEBUG c.y.o.d.P.insertDefaultProductSellDaily-<==    Updates: 6
